


------Version 1.6.5 Date:2019-09-09-------
1.产前样审核上线
2。整改意见上线
3。bom核价改为单耗计算
4。bom核价加上产品样图


（bug，，，列每对上）

@核价项应该逻辑删。不然会出大事。（或者要求不能删）
@类别非末位节点可以看当前 节点所有明细
//TODO 预处理业务： 任务提醒。任务过后有个结果信息展示。
//TODO 二次工艺跟预处理一个道理
理化板块需要增加个面料检验的功能。
流程：检验-填写报告-打印检测卡-有问题交采购处理「没问题通知入库」
需求说明：
1-类似理化申请和检测的过程，区别在于没有申请。
2-报告填写分两部分，基本信息和检验信息。
3-基本信息包括：面料编号，颜色，厂家货号，厂家颜色，缸号，匹号，门幅，码单数量，实测数量，面料编号「一匹面料一个号，便于日后扫码查看检验信息」
4-检验信息需要先设置检验项，和理化检验的设置类似，值分数字型，逻辑型和列表型。判断标准类似生产标和采购标的方式。基本来说和理化检测的方式一样，
但是希望模块独立出来。

`${getUserInfo('cnname')}@${getUserInfo('uid')}`;

{text.split('@') ? text.split('@')[0] : '未知用户'}

{`用户：${item.actionUser.split('@') ? item.actionUser.split('@')[0] : 'unknow'}


------Version 1.6.3 Date:2019-09-05-------
1.尺码分组选改为自由选。支持组选、单选、跨组选
2.商品资料添加样衣号查询，可与款号组合查询
3。物料查询改进
4。标题放在模版
5。加个备注框
6。工艺单模版批量
7。计划管理完成
8。产前样审核完成

------Version 1.6.2 Date:2019-09-03-------
1.通用表格设置完成
2。现场管理完成
3。工艺单完成
4.固定费用增加删除新增一行功能
5。颜色和颜色的编号唯一 完成
6。颜色增加可以直接删除功能
7.放开商品资料 标签、颜色自动刷新功能（服务器压力会增大，同时超过5人可能会出服务不可用异常）

------Version 1.6.2 Date:2019-08-27-------
1。商品资料分页  第一页数据第二页也会出现。
2.优化部分页面显示体验
3.优化权限、角色管理。通过部门树管理用户权限。
4.开放PC模式导航
5。升级图片管理模块。
6。商品资料支持批量按文件目录上传，（命名规则：款号+颜色）
7。同一季节样衣号不可重复，不同季节可以重复。
8.更新时系统时间不对 (后端json  时区导致)

------Version 1.6.1 Date:2019-08-23-------
1.商品资料 标签默认折叠
2.更新工艺单新版本，支持工艺单分段管理
3。控件支持中文
4.支持将Excel、word表格 原生拷贝至工艺单（建议模版用Excel做，再拷贝至网页。
5.新增将图片直接复制到控件
6。工艺单预览
7.电子工艺单可以支持短视频
8.上线相册功能，支持图片随时随地使用（同时支持图片可拷贝功能）。

------Version 1.5.10 Date:2019-08-20-------
1.固定费用类别默认节点名称
2。固定费用添加默认单耗，单价。
3.按钮重叠
4.bom 尺码放开，让自己填写
5核价  物料默认拿物料价

------Version 1.5.9 Date:2019-08-18-------
1.商品资料数据导入，模版下载（新增数据导入导出模块菜单，excel模版商品资料导入：帮助 可下载）
2.商品资料增加 查询所有数据功能（查询无视所有类别条件，详情请查阅页面帮助）

------Version 1.5.8 Date:2019-08-15-------
1。防止商品资料颜色组选问题
2。商品资料和标签一样显示
3。商品资料图片管理
4.末位类别节点 加个图片区分


------Version 1.5.7 Date:2019-08-15-------
1. 商品资料标签更改后自动更新。
2。类别同根目录树下明细的编码不能重复。


------Version 1.5.6 Date:2019-08-14-------
1.上线产前样模块
2.修复因验证码导致款号编码异常问题。

------Version 1.5.5 Date:2019-08-14-------
1.解决类别取EG码问题。

------Version 1.5.4 Date:2019-08-13-------
1.树指定某节点可选有效
2.类别egcode取上层组code
3.去掉类别历史无效数据。

------Version 1.5.3 Date:2019-08-13-------
1。资料里的第一条无法编辑
2。样衣号还是会显示重复
3。类别不能设置，只有类别分组信息


------Version 1.5.2 Date:2019-08-13-------
1.上线颜色只能单选，防止组选功能。
2.解决商品资料更新提示编号重复问题。
3.添加商品资料根据款号自动查询功能。


------Version 1.5.1 Date:2019-08-03-------
1.供应商类别自定义管理
2.产前样  一款会有多个问题，  用一个图文编辑一次搞定。
3.整改意见和产前样一样的展现 形式。但每一项需要自定义提示。
4.产品管理款号自动生成

------Version 1.5.0 Date:2019-08-03-------
1.改进 类别、尺码、颜色设置管理
2.现场管理



------Version 1.4.13 Date:2019-07-31-------
1.产品与物料共用季度
2.标签无eg码
3.尺码分类自定义
4.标签自定义




------Version 1.4.12 Date:2019-07-30-------
1.产品类别自定义
2.产品标签自定义
3.尺码类别自定义








------Version 1.4.10 Date:2019-07-27-------
1.物料缩略图
2.物料帅选有点问题，切换季度才可以
3.物料管理模块改进优化



------Version 1.4.9 Date:2019-07-23-------
1.理化异常管理
2.上线理化管理全流程时序图模块
3. 优化若干显示问题



------Version 1.4.8 Date:2019-07-22-------
1.当前会审结果作为理化知识自动应用下次相同场景报告，报告提示有风险型
2.报告分组
3.通知里看到的理化报告信息没办法跳转进去(生产未验证)





------Version 1.4.6 Date:2019-07-22-------
1.用户角色里的权限设置点击没反应 （优化时误删显示接口）
2.打印显示问题
3。理化指标录入升级，
4。理化报告录入、显示升级





------Version 1.4.5 Date:2019-07-21-------
1.修复消息权限密钥问题，已可发消息
2.添加挡板，无角色无权限用户在系统服务外层直接拒绝。
3.结论提示图标改成 勾号等




------Version 1.4.1 Date:2019-07-20-------
1.目前来看，理化指标应该有3种类型，一、数值型，可以直接用数值进行判断，
二、逻辑型，要么合格要么不合格，三、列表型，字符说明列表，有多个选项，
不参与合不合格的判断，但是参与结果判断，比如根据选项的不同得出不一样的结论。应该不存在
2. 修复理化报告人显示不存在
3.指标加单位
4。修复可以看到未提交的报告。
5。不完全合格才需要进行判断，需要进行判断就需要有个标准库进行比较。
可以建个表，字段分别是理化科目，不合格项，结论，说明如下图
6.理化增加标准类型
7.修复报告人未找到问题
8.理化增加结论枚举
9.变更结论计算算法
10.理化报告的查询要加强下，应该按编号，物料名，物料编号，设计师都可以查询会更好点


(注：以前录入的指标需要重新编辑即可)（注：以前提交过的报告，在报告那打回重新提交即可）





------Version 1.3.29 Date:2019-07-18-------
1.系统角色和用户角色拆开
2.理化知识库指标不合格，不允许提交报告（避免系统对结果误判）
3.增加线下会审操作入口
4.改进若干显示体验
5. 上线工作看板原型,根据业务要加数据





------Version 1.3.28 Date:2019-07-17-------
1.理化结果转义
2.理化录入提交限制取消
3.图片前端压缩
4.报告显示问题
5。在提交报告旁边可以加个暂存退出的命令按钮，和点x关闭作用一样，只是在最末尾提供个关闭功能，
省的往上翻，同时告诉使用者可以通过这个命令临时保存一下，虽然是自动保存的，主要是让他感觉安心点。
6。确认提交的确认窗口看不到





------Version 1.3.27 Date:2019-07-16-------
1.打印未读到色号，未有适用款
2.物料登记应加个适用款号
3.反馈扫码无权限(暂时放开权限，这块菜单权限跟登陆权限先后关系有冲突)
4.打印添加理化编号


------Version 1.3.26 Date:2019-07-15-------
1.图片上传自由剪切




------Version 1.3.25 Date:2019-07-14-------
1.改版角色管理功能，当前操作节目不太适应手机操作

1.填加通过用户管理权限功能
------Version 1.3.19 Date:2019-07-13-------
1.升级权限管理，无权限访问者显示企业广告
2.打印字体加粗
3.这里面色卡品名是物料资料里的厂家货号，色号是物料颜色旁边那个厂家色号
4.修复发布新版本未同步生产环境数据约束，导致权限添加错误bug




------Version 1.3.18 Date:2019-07-12-------
1.权限数据生产环境初始化
2.优化若干显示体验
3.上线菜单自定义功能（即：菜单名、描述自定义）
4.上线权限配置功能
5.上线权限管理模块，配置好了相应的工作人员只能看自己相关的模块



------Version 1.3.9 Date:2019-07-11-------
1.理化申请单打印
2.图片缩略图
3.图片剪切
4.添加查询无图片物料功能
5.上线权限管理模块
6.角色管理页面增加权限分配功能

------Version 1.3.8 Date:2019-07-09-------
1.支持dingding直接扫码理化检测
2.去掉确定科目选择功能
3.物料增加门幅、克重
4.理化申请增加相关单据属性
5.编排理化申请打印



------Version 1.3.6 Date:2019-07-08-------
1.修改结论为非必填项目
2.修改结论未填完也可以提交
3. 物料规格加*
4.研发部工作看板样例上线，默认每分钟更新一次数据。（具体需要看什么数据需提工作需求）
5.修复提示报告不可修改，仍可修改（测试时代码被注释）
6.其他一些体验和性能提升和微小bug修复




------Version 1.3.5 Date:2019-07-07-------
1.物料图片分组上传 、分组展示
2.修复员工可能误操作选择物料类别导致编号更新
3.改进驾驶舱 大屏板块排序规则
4.修复底部导航在max手机屏漂浮问题。


图片缩略图（测试中）
图片压缩（测试中）
图片剪切（测试中）




------Version 1.3.1 Date:2019-07-05-------
1.修复物料自编号不同种类间切换导致重复问题
2.修复用户显示数目不全问题
3.物料管理添加查询所有按钮
4.修复物料编辑不显示颜色数据问题
5.修复物料添加图片功能 改名导致的一序列问题。
6.开发图片管理功能




------Version 1.2.29 Date:2019-07-04-------
1.修复物料管理首次进入未配置情况下 季度显示不全问题
2.物料图片拍照上传
3.理化知识库增加 结论编排功能
4.理化编号手动查询


------Version 1.2.26 Date:2019-07-03-------
1.改进打印排版
2.理化编号手动查询




------Version 1.2.25 Date:2019-07-02-------
1.扫码模块增加个折叠功能，简化扫码页面
2.理化报告列表
3.理化报告基础信息通用组件开发完成
4.报告排版完美打印
5.理化编号手动查询
6. 编号重复提示


------Version 1.2.19 Date:2019-07-01-------

1.消息实现抄送功能
2.修复物料table  表头因优化导致无名称问题。
3.物料编号录入输入框显示出来。
4.不填物料名称就自动物料名称和编号一样
5.理化标准范围录入  支持直观的 =< 范围设定
6.新建物料时，编号先出来
7.手机无双击功能，加个选择按钮
8.物料编号不可修改
9.物料修改时，编号也应重新生成
10.修复物料删除bug （接口重名导致，后来接口覆盖了之前接口）
11. 物料编号 按品类来分组编号
12. 物料货号是多余的
13. 理化科目修改后没有自动刷新（请用谷歌、苹果、火狐等主流浏览器）
14.理化科目中还是需要有些不是数值指标的，需要些属性性质的，比如面料类型：梭织。这些指标不参与合不合格的判断，但是参与结论的生成
15理化任务 数据没刷新
16 选择科目是多余的
17 物料信息默认展开
18 理化任务页面加个扫码定位直接录入功能
19 扫码接收可以再加个直接理化录入功能





------Version 1.0.0 --------------------
build.
